This is pdfTeX, Version 3.141592653-2.6-1.40.25 (TeX Live 2023) (preloaded format=pdflatex 2024.1.23)  26 JAN 2024 20:21
entering extended mode
 \write18 enabled.
 file:line:error style messages enabled.
 %&-line parsing enabled.
**notations.tex
(./notations.tex
LaTeX2e <2023-11-01> patch level 1
L3 programming layer <2024-01-22>

./notations.tex:1: LaTeX Error: Missing \begin{document}.

See the LaTeX manual or LaTeX Companion for explanation.
Type  H <return>  for immediate help.
 ...                                              
                                                  
l.1 D
     ans la suite, nous utiliserons les notations suivantes.
? 
./notations.tex:1: Emergency stop.
 ...                                              
                                                  
l.1 D
     ans la suite, nous utiliserons les notations suivantes.
You're in trouble here.  Try typing  <return>  to proceed.
If that doesn't work, type  X <return>  to quit.

 
Here is how much of TeX's memory you used:
 17 strings out of 474228
 524 string characters out of 5746458
 1922975 words of memory out of 5000000
 22368 multiletter control sequences out of 15000+600000
 558069 words of font info for 36 fonts, out of 8000000 for 9000
 1141 hyphenation exceptions out of 8191
 15i,0n,18p,105b,14s stack positions out of 10000i,1000n,20000p,200000b,200000s
./notations.tex:1:  ==> Fatal error occurred, no output PDF file produced!
