This is pdfTeX, Version 3.141592653-2.6-1.40.25 (TeX Live 2023) (preloaded format=pdflatex 2024.2.8)  14 FEB 2024 22:40
entering extended mode
 \write18 enabled.
 file:line:error style messages enabled.
 %&-line parsing enabled.
**case-7.tex
(./case-7.tex
LaTeX2e <2023-11-01> patch level 1
L3 programming layer <2024-01-22>

./case-7.tex:1: LaTeX Error: Environment fact undefined.

See the LaTeX manual or LaTeX Companion for explanation.
Type  H <return>  for immediate help.
 ...                                              
                                                  
l.1 \begin{fact}
                 \label{case-7}
? 
./case-7.tex:1: Emergency stop.
 ...                                              
                                                  
l.1 \begin{fact}
                 \label{case-7}
Your command was ignored.
Type  I <command> <return>  to replace it with another command,
or  <return>  to continue without it.

 
Here is how much of TeX's memory you used:
 17 strings out of 474228
 514 string characters out of 5746459
 1922975 words of memory out of 5000000
 22368 multiletter control sequences out of 15000+600000
 558069 words of font info for 36 fonts, out of 8000000 for 9000
 1141 hyphenation exceptions out of 8191
 12i,0n,13p,69b,16s stack positions out of 10000i,1000n,20000p,200000b,200000s
./case-7.tex:1:  ==> Fatal error occurred, no output PDF file produced!
