This is pdfTeX, Version 3.141592653-2.6-1.40.25 (TeX Live 2023) (preloaded format=pdflatex 2024.1.17)  21 JAN 2024 01:18
entering extended mode
 \write18 enabled.
 file:line:error style messages enabled.
 %&-line parsing enabled.
**struct.tex
(./struct.tex
LaTeX2e <2023-11-01> patch level 1
L3 programming layer <2024-01-04>

./struct.tex:1: LaTeX Error: Missing \begin{document}.

See the LaTeX manual or LaTeX Companion for explanation.
Type  H <return>  for immediate help.
 ...                                              
                                                  
l.1 L
     a preuve du fait \ref{power-of-3} amène naturellement au fait suivant.
? 
Missing character: There is no L in font nullfont!
Missing character: There is no a in font nullfont!
Missing character: There is no p in font nullfont!
Missing character: There is no r in font nullfont!
Missing character: There is no e in font nullfont!
Missing character: There is no u in font nullfont!
Missing character: There is no v in font nullfont!
Missing character: There is no e in font nullfont!
Missing character: There is no d in font nullfont!
Missing character: There is no u in font nullfont!
Missing character: There is no f in font nullfont!
Missing character: There is no a in font nullfont!
Missing character: There is no i in font nullfont!
Missing character: There is no t in font nullfont!
./struct.tex:1: Undefined control sequence.
<write> ...eference `power-of-3' on page \thepage 
                                                  \space undefined\on@line .
l.1 La preuve du fait \ref{power-of-3}
                                       amène naturellement au fait suivant.
? 
./struct.tex:1: Emergency stop.
<write> ...eference `power-of-3' on page \thepage 
                                                  \space undefined\on@line .
l.1 La preuve du fait \ref{power-of-3}
                                       amène naturellement au fait suivant.
End of file on the terminal!

 
Here is how much of TeX's memory you used:
 19 strings out of 474172
 410 string characters out of 5745767
 1924539 words of memory out of 5000000
 22427 multiletter control sequences out of 15000+600000
 558377 words of font info for 37 fonts, out of 8000000 for 9000
 1141 hyphenation exceptions out of 8191
 18i,2n,23p,127b,92s stack positions out of 10000i,1000n,20000p,200000b,200000s
./struct.tex:1:  ==> Fatal error occurred, no output PDF file produced!
