This is pdfTeX, Version 3.14159265-2.6-1.40.21 (TeX Live 2020) (preloaded format=pdflatex 2020.10.31)  19 NOV 2020 22:01
entering extended mode
 \write18 enabled.
 file:line:error style messages enabled.
 %&-line parsing enabled.
**seq-vs-matrix.tex
(./seq-vs-matrix.tex
LaTeX2e <2020-10-01> patch level 2
L3 programming layer <2020-10-27> xparse <2020-03-03>

./seq-vs-matrix.tex:1: LaTeX Error: Missing \begin{document}.

See the LaTeX manual or LaTeX Companion for explanation.
Type  H <return>  for immediate help.
 ...                                              
                                                  
l.1 S
     oit
? 
./seq-vs-matrix.tex:1: Emergency stop.
 ...                                              
                                                  
l.1 S
     oit
You're in trouble here.  Try typing  <return>  to proceed.
If that doesn't work, type  X <return>  to quit.

 
Here is how much of TeX's memory you used:
 17 strings out of 479485
 539 string characters out of 5871977
 265532 words of memory out of 5000000
 17127 multiletter control sequences out of 15000+600000
 535088 words of font info for 29 fonts, out of 8000000 for 9000
 1141 hyphenation exceptions out of 8191
 13i,0n,15p,53b,14s stack positions out of 5000i,500n,10000p,200000b,80000s
./seq-vs-matrix.tex:1:  ==> Fatal error occurred, no output PDF file produced!
