This is pdfTeX, Version 3.141592653-2.6-1.40.25 (TeX Live 2023) (preloaded format=pdflatex 2024.2.20)  20 FEB 2024 22:24
entering extended mode
 \write18 enabled.
 file:line:error style messages enabled.
 %&-line parsing enabled.
**algos-used-kill.tex
(./algos-used-kill.tex
LaTeX2e <2023-11-01> patch level 1
L3 programming layer <2024-02-18>
./algos-used-kill.tex:1: Undefined control sequence.
l.1 \subsubsection
                  {Cibler la recherche pour des tests brutaux} \label{algos-...

? 
./algos-used-kill.tex:1: Emergency stop.
l.1 
    
End of file on the terminal!

 
Here is how much of TeX's memory you used:
 16 strings out of 474149
 415 string characters out of 5744924
 1924991 words of memory out of 5000000
 22447 multiletter control sequences out of 15000+600000
 558069 words of font info for 36 fonts, out of 8000000 for 9000
 1141 hyphenation exceptions out of 8191
 12i,0n,13p,133b,8s stack positions out of 10000i,1000n,20000p,200000b,200000s
./algos-used-kill.tex:1:  ==> Fatal error occurred, no output PDF file produced
!
